# JRE version: Java(TM) SE Runtime Environment (8.0_144-b01) (build 1.8.0_144-b01)
# Java VM: Java HotSpot(TM) 64-Bit Server VM (25.144-b01 mixed mode windows-amd64 compressed oops)
Heap:
 PSYoungGen      total 165376K, used 6917K [0x00000000e0b00000, 0x00000000ec980000, 0x0000000100000000)
  eden space 143360K, 4% used [0x00000000e0b00000,0x00000000e11c17b0,0x00000000e9700000)
  from space 22016K, 0% used [0x00000000ead80000,0x00000000ead80000,0x00000000ec300000)
  to   space 23040K, 0% used [0x00000000e9700000,0x00000000e9700000,0x00000000ead80000)
 ParOldGen       total 79872K, used 45803K [0x00000000a2000000, 0x00000000a6e00000, 0x00000000e0b00000)
  object space 79872K, 57% used [0x00000000a2000000,0x00000000a4cbae68,0x00000000a6e00000)
 Metaspace       used 34890K, capacity 35534K, committed 35672K, reserved 1081344K
  class space    used 3972K, capacity 4180K, committed 4224K, reserved 1048576K
GC Heap History (10 events):
Event: 12.783 GC heap before
{Heap before GC invocations=6 (full 0):
 PSYoungGen      total 98304K, used 74601K [0x00000000e0b00000, 0x00000000e7c80000, 0x0000000100000000)
  eden space 94720K, 74% used [0x00000000e0b00000,0x00000000e505e5d0,0x00000000e6780000)
  from space 3584K, 99% used [0x00000000e6b00000,0x00000000e6e7c010,0x00000000e6e80000)
  to   space 10752K, 0% used [0x00000000e7200000,0x00000000e7200000,0x00000000e7c80000)
 ParOldGen       total 64512K, used 14207K [0x00000000a2000000, 0x00000000a5f00000, 0x00000000e0b00000)
  object space 64512K, 22% used [0x00000000a2000000,0x00000000a2ddfde0,0x00000000a5f00000)
 Metaspace       used 20825K, capacity 21240K, committed 21248K, reserved 1069056K
  class space    used 2412K, capacity 2558K, committed 2560K, reserved 1048576K
Event: 12.821 GC heap after
Heap after GC invocations=6 (full 0):
 PSYoungGen      total 105472K, used 10743K [0x00000000e0b00000, 0x00000000e7c80000, 0x0000000100000000)
  eden space 94720K, 0% used [0x00000000e0b00000,0x00000000e0b00000,0x00000000e6780000)
  from space 10752K, 99% used [0x00000000e7200000,0x00000000e7c7de38,0x00000000e7c80000)
  to   space 3584K, 0% used [0x00000000e6b00000,0x00000000e6b00000,0x00000000e6e80000)
 ParOldGen       total 64512K, used 27401K [0x00000000a2000000, 0x00000000a5f00000, 0x00000000e0b00000)
  object space 64512K, 42% used [0x00000000a2000000,0x00000000a3ac25e8,0x00000000a5f00000)
 Metaspace       used 20825K, capacity 21240K, committed 21248K, reserved 1069056K
  class space    used 2412K, capacity 2558K, committed 2560K, reserved 1048576K
}
Event: 12.821 GC heap before
{Heap before GC invocations=7 (full 1):
 PSYoungGen      total 105472K, used 10743K [0x00000000e0b00000, 0x00000000e7c80000, 0x0000000100000000)
  eden space 94720K, 0% used [0x00000000e0b00000,0x00000000e0b00000,0x00000000e6780000)
  from space 10752K, 99% used [0x00000000e7200000,0x00000000e7c7de38,0x00000000e7c80000)
  to   space 3584K, 0% used [0x00000000e6b00000,0x00000000e6b00000,0x00000000e6e80000)
 ParOldGen       total 64512K, used 27401K [0x00000000a2000000, 0x00000000a5f00000, 0x00000000e0b00000)
  object space 64512K, 42% used [0x00000000a2000000,0x00000000a3ac25e8,0x00000000a5f00000)
 Metaspace       used 20825K, capacity 21240K, committed 21248K, reserved 1069056K
  class space    used 2412K, capacity 2558K, committed 2560K, reserved 1048576K
Event: 12.963 GC heap after
Heap after GC invocations=7 (full 1):
 PSYoungGen      total 105472K, used 0K [0x00000000e0b00000, 0x00000000e7c80000, 0x0000000100000000)
  eden space 94720K, 0% used [0x00000000e0b00000,0x00000000e0b00000,0x00000000e6780000)
  from space 10752K, 0% used [0x00000000e7200000,0x00000000e7200000,0x00000000e7c80000)
  to   space 3584K, 0% used [0x00000000e6b00000,0x00000000e6b00000,0x00000000e6e80000)
 ParOldGen       total 79872K, used 31475K [0x00000000a2000000, 0x00000000a6e00000, 0x00000000e0b00000)
  object space 79872K, 39% used [0x00000000a2000000,0x00000000a3ebced0,0x00000000a6e00000)
 Metaspace       used 20825K, capacity 21240K, committed 21248K, reserved 1069056K
  class space    used 2412K, capacity 2558K, committed 2560K, reserved 1048576K
}
Event: 15.281 GC heap before
{Heap before GC invocations=8 (full 1):
 PSYoungGen      total 105472K, used 94720K [0x00000000e0b00000, 0x00000000e7c80000, 0x0000000100000000)
  eden space 94720K, 100% used [0x00000000e0b00000,0x00000000e6780000,0x00000000e6780000)
  from space 10752K, 0% used [0x00000000e7200000,0x00000000e7200000,0x00000000e7c80000)
  to   space 3584K, 0% used [0x00000000e6b00000,0x00000000e6b00000,0x00000000e6e80000)
 ParOldGen       total 79872K, used 31475K [0x00000000a2000000, 0x00000000a6e00000, 0x00000000e0b00000)
  object space 79872K, 39% used [0x00000000a2000000,0x00000000a3ebced0,0x00000000a6e00000)
 Metaspace       used 30303K, capacity 30782K, committed 30976K, reserved 1077248K
  class space    used 3456K, capacity 3583K, committed 3584K, reserved 1048576K
Event: 15.300 GC heap after
Heap after GC invocations=8 (full 1):
 PSYoungGen      total 101888K, used 3582K [0x00000000e0b00000, 0x00000000ec300000, 0x0000000100000000)
  eden space 98304K, 0% used [0x00000000e0b00000,0x00000000e0b00000,0x00000000e6b00000)
  from space 3584K, 99% used [0x00000000e6b00000,0x00000000e6e7f910,0x00000000e6e80000)
  to   space 22016K, 0% used [0x00000000ead80000,0x00000000ead80000,0x00000000ec300000)
 ParOldGen       total 79872K, used 44480K [0x00000000a2000000, 0x00000000a6e00000, 0x00000000e0b00000)
  object space 79872K, 55% used [0x00000000a2000000,0x00000000a4b70378,0x00000000a6e00000)
 Metaspace       used 30303K, capacity 30782K, committed 30976K, reserved 1077248K
  class space    used 3456K, capacity 3583K, committed 3584K, reserved 1048576K
}
Event: 18.322 GC heap before
{Heap before GC invocations=9 (full 1):
 PSYoungGen      total 101888K, used 97442K [0x00000000e0b00000, 0x00000000ec300000, 0x0000000100000000)
  eden space 98304K, 95% used [0x00000000e0b00000,0x00000000e66a90e8,0x00000000e6b00000)
  from space 3584K, 99% used [0x00000000e6b00000,0x00000000e6e7f910,0x00000000e6e80000)
  to   space 22016K, 0% used [0x00000000ead80000,0x00000000ead80000,0x00000000ec300000)
 ParOldGen       total 79872K, used 44480K [0x00000000a2000000, 0x00000000a6e00000, 0x00000000e0b00000)
  object space 79872K, 55% used [0x00000000a2000000,0x00000000a4b70378,0x00000000a6e00000)
 Metaspace       used 34594K, capacity 35242K, committed 35416K, reserved 1081344K
  class space    used 3929K, capacity 4150K, committed 4224K, reserved 1048576K
Event: 18.352 GC heap after
Heap after GC invocations=9 (full 1):
 PSYoungGen      total 165376K, used 14837K [0x00000000e0b00000, 0x00000000ec980000, 0x0000000100000000)
  eden space 143360K, 0% used [0x00000000e0b00000,0x00000000e0b00000,0x00000000e9700000)
  from space 22016K, 67% used [0x00000000ead80000,0x00000000ebbfd508,0x00000000ec300000)
  to   space 23040K, 0% used [0x00000000e9700000,0x00000000e9700000,0x00000000ead80000)
 ParOldGen       total 79872K, used 44488K [0x00000000a2000000, 0x00000000a6e00000, 0x00000000e0b00000)
  object space 79872K, 55% used [0x00000000a2000000,0x00000000a4b72378,0x00000000a6e00000)
 Metaspace       used 34594K, capacity 35242K, committed 35416K, reserved 1081344K
  class space    used 3929K, capacity 4150K, committed 4224K, reserved 1048576K
}
Event: 18.353 GC heap before
{Heap before GC invocations=10 (full 2):
 PSYoungGen      total 165376K, used 14837K [0x00000000e0b00000, 0x00000000ec980000, 0x0000000100000000)
  eden space 143360K, 0% used [0x00000000e0b00000,0x00000000e0b00000,0x00000000e9700000)
  from space 22016K, 67% used [0x00000000ead80000,0x00000000ebbfd508,0x00000000ec300000)
  to   space 23040K, 0% used [0x00000000e9700000,0x00000000e9700000,0x00000000ead80000)
 ParOldGen       total 79872K, used 44488K [0x00000000a2000000, 0x00000000a6e00000, 0x00000000e0b00000)
  object space 79872K, 55% used [0x00000000a2000000,0x00000000a4b72378,0x00000000a6e00000)
 Metaspace       used 34594K, capacity 35242K, committed 35416K, reserved 1081344K
  class space    used 3929K, capacity 4150K, committed 4224K, reserved 1048576K
Event: 18.568 GC heap after
Heap after GC invocations=10 (full 2):
 PSYoungGen      total 165376K, used 0K [0x00000000e0b00000, 0x00000000ec980000, 0x0000000100000000)
  eden space 143360K, 0% used [0x00000000e0b00000,0x00000000e0b00000,0x00000000e9700000)
  from space 22016K, 0% used [0x00000000ead80000,0x00000000ead80000,0x00000000ec300000)
  to   space 23040K, 0% used [0x00000000e9700000,0x00000000e9700000,0x00000000ead80000)
 ParOldGen       total 79872K, used 45803K [0x00000000a2000000, 0x00000000a6e00000, 0x00000000e0b00000)
  object space 79872K, 57% used [0x00000000a2000000,0x00000000a4cbae68,0x00000000a6e00000)
 Metaspace       used 34382K, capacity 35010K, committed 35416K, reserved 1081344K
  class space    used 3910K, capacity 4114K, committed 4224K, reserved 1048576K
}

